[debug] [2024-02-12T09:56:04.625Z] ----------------------------------------------------------------------
[debug] [2024-02-12T09:56:04.635Z] Command:       C:\Program Files\nodejs\node.exe C:\Users\vahermih\AppData\Roaming\npm\node_modules\firebase-tools\lib\bin\firebase.js init
[debug] [2024-02-12T09:56:04.636Z] CLI Version:   13.0.0
[debug] [2024-02-12T09:56:04.637Z] Platform:      win32
[debug] [2024-02-12T09:56:04.639Z] Node Version:  v18.17.0
[debug] [2024-02-12T09:56:04.641Z] Time:          Mon Feb 12 2024 11:56:04 GMT+0200 (Ida-Euroopa standardaeg)
[debug] [2024-02-12T09:56:04.641Z] ----------------------------------------------------------------------
[debug] 
[debug] [2024-02-12T09:56:04.649Z] >>> [apiv2][query] GET https://firebase-public.firebaseio.com/cli.json [none]
[debug] [2024-02-12T09:56:04.805Z] > command requires scopes: ["email","openid","https://www.googleapis.com/auth/cloudplatformprojects.readonly","https://www.googleapis.com/auth/firebase","https://www.googleapis.com/auth/cloud-platform"]
[debug] [2024-02-12T09:56:04.806Z] > authorizing via signed-in user (reactmihkel0@gmail.com)
[info] 
     ######## #### ########  ######## ########     ###     ######  ########
     ##        ##  ##     ## ##       ##     ##  ##   ##  ##       ##
     ######    ##  ########  ######   ########  #########  ######  ######
     ##        ##  ##    ##  ##       ##     ## ##     ##       ## ##
     ##       #### ##     ## ######## ########  ##     ##  ######  ########

You're about to initialize a Firebase project in this directory:

  C:\Users\vahermih\koolitused\React-01-24\veebipood

[debug] [2024-02-12T09:56:05.311Z] <<< [apiv2][status] GET https://firebase-public.firebaseio.com/cli.json 200
[debug] [2024-02-12T09:56:05.312Z] <<< [apiv2][body] GET https://firebase-public.firebaseio.com/cli.json {"cloudBuildErrorAfter":1594252800000,"cloudBuildWarnAfter":1590019200000,"defaultNode10After":1594252800000,"minVersion":"3.0.5","node8DeploysDisabledAfter":1613390400000,"node8RuntimeDisabledAfter":1615809600000,"node8WarnAfter":1600128000000}
[info] 
=== Project Setup
[info] 
[info] First, let's associate this project directory with a Firebase project.
[info] You can create multiple project aliases by running firebase use --add, 
[info] but for now we'll just set up a default project.
[info] 
[debug] [2024-02-12T09:59:02.983Z] > refreshing access token with scopes: []
[debug] [2024-02-12T09:59:02.986Z] >>> [apiv2][query] POST https://www.googleapis.com/oauth2/v3/token [none]
[debug] [2024-02-12T09:59:02.986Z] >>> [apiv2][body] POST https://www.googleapis.com/oauth2/v3/token [omitted]
[debug] [2024-02-12T09:59:03.251Z] <<< [apiv2][status] POST https://www.googleapis.com/oauth2/v3/token 200
[debug] [2024-02-12T09:59:03.251Z] <<< [apiv2][body] POST https://www.googleapis.com/oauth2/v3/token [omitted]
[debug] [2024-02-12T09:59:03.266Z] >>> [apiv2][query] GET https://firebase.googleapis.com/v1beta1/projects pageSize=100
[debug] [2024-02-12T09:59:03.912Z] <<< [apiv2][status] GET https://firebase.googleapis.com/v1beta1/projects 200
[debug] [2024-02-12T09:59:03.912Z] <<< [apiv2][body] GET https://firebase.googleapis.com/v1beta1/projects [omitted]
[info] i  Using project mihkel-react-01-24 (Mihkel React 01 24) 
[info] 
=== Hosting Setup
[debug] [2024-02-12T09:59:06.817Z] >>> [apiv2][query] GET https://firebase.googleapis.com/v1beta1/projects/mihkel-react-01-24 [none]
[debug] [2024-02-12T09:59:07.183Z] <<< [apiv2][status] GET https://firebase.googleapis.com/v1beta1/projects/mihkel-react-01-24 200
[debug] [2024-02-12T09:59:07.183Z] <<< [apiv2][body] GET https://firebase.googleapis.com/v1beta1/projects/mihkel-react-01-24 {"projectId":"mihkel-react-01-24","projectNumber":"956462346991","displayName":"Mihkel React 01 24","name":"projects/mihkel-react-01-24","resources":{"hostingSite":"mihkel-react-01-24"},"state":"ACTIVE","etag":"1_b7158629-8100-4cf5-92c5-4ed22f122d47"}
[debug] [2024-02-12T09:59:54.519Z] SyntaxError: Unexpected end of JSON input
    at JSON.parse (<anonymous>)
    at findDependency (C:\Users\vahermih\AppData\Roaming\npm\node_modules\firebase-tools\lib\frameworks\utils.js:187:23)
    at discover (C:\Users\vahermih\AppData\Roaming\npm\node_modules\firebase-tools\lib\frameworks\vite\index.js:48:61)
    at async C:\Users\vahermih\AppData\Roaming\npm\node_modules\firebase-tools\lib\frameworks\vite\index.js:36:55
    at async discover (C:\Users\vahermih\AppData\Roaming\npm\node_modules\firebase-tools\lib\frameworks\index.js:46:32)
    at async doSetup (C:\Users\vahermih\AppData\Roaming\npm\node_modules\firebase-tools\lib\init\features\hosting\index.js:54:11)
    at async init (C:\Users\vahermih\AppData\Roaming\npm\node_modules\firebase-tools\lib\init\index.js:41:9)
[error] 
[error] Error: An unexpected error has occurred.
[debug] [2024-02-12T10:03:16.955Z] ----------------------------------------------------------------------
[debug] [2024-02-12T10:03:16.963Z] Command:       C:\Program Files\nodejs\node.exe C:\Users\vahermih\AppData\Roaming\npm\node_modules\firebase-tools\lib\bin\firebase.js init
[debug] [2024-02-12T10:03:16.964Z] CLI Version:   13.2.1
[debug] [2024-02-12T10:03:16.965Z] Platform:      win32
[debug] [2024-02-12T10:03:16.965Z] Node Version:  v18.17.0
[debug] [2024-02-12T10:03:16.967Z] Time:          Mon Feb 12 2024 12:03:16 GMT+0200 (Ida-Euroopa standardaeg)
[debug] [2024-02-12T10:03:16.968Z] ----------------------------------------------------------------------
[debug] 
[debug] [2024-02-12T10:03:16.999Z] > command requires scopes: ["email","openid","https://www.googleapis.com/auth/cloudplatformprojects.readonly","https://www.googleapis.com/auth/firebase","https://www.googleapis.com/auth/cloud-platform"]
[debug] [2024-02-12T10:03:17.000Z] > authorizing via signed-in user (reactmihkel0@gmail.com)
[info] 
     ######## #### ########  ######## ########     ###     ######  ########
     ##        ##  ##     ## ##       ##     ##  ##   ##  ##       ##
     ######    ##  ########  ######   ########  #########  ######  ######
     ##        ##  ##    ##  ##       ##     ## ##     ##       ## ##
     ##       #### ##     ## ######## ########  ##     ##  ######  ########

You're about to initialize a Firebase project in this directory:

  C:\Users\vahermih\koolitused\React-01-24\veebipood

[info] 
=== Project Setup
[info] 
[info] First, let's associate this project directory with a Firebase project.
[info] You can create multiple project aliases by running firebase use --add, 
[info] but for now we'll just set up a default project.
[info] 
[debug] [2024-02-12T10:03:23.373Z] >>> [apiv2][query] GET https://firebase.googleapis.com/v1beta1/projects pageSize=100
[debug] [2024-02-12T10:03:24.156Z] <<< [apiv2][status] GET https://firebase.googleapis.com/v1beta1/projects 200
[debug] [2024-02-12T10:03:24.157Z] <<< [apiv2][body] GET https://firebase.googleapis.com/v1beta1/projects [omitted]
[info] i  Using project mihkel-react-01-24 (Mihkel React 01 24) 
[info] 
=== Hosting Setup
[debug] [2024-02-12T10:03:25.362Z] >>> [apiv2][query] GET https://firebase.googleapis.com/v1beta1/projects/mihkel-react-01-24 [none]
[debug] [2024-02-12T10:03:25.810Z] <<< [apiv2][status] GET https://firebase.googleapis.com/v1beta1/projects/mihkel-react-01-24 200
[debug] [2024-02-12T10:03:25.811Z] <<< [apiv2][body] GET https://firebase.googleapis.com/v1beta1/projects/mihkel-react-01-24 {"projectId":"mihkel-react-01-24","projectNumber":"956462346991","displayName":"Mihkel React 01 24","name":"projects/mihkel-react-01-24","resources":{"hostingSite":"mihkel-react-01-24"},"state":"ACTIVE","etag":"1_b7158629-8100-4cf5-92c5-4ed22f122d47"}
[debug] [2024-02-12T10:03:46.089Z] SyntaxError: Unexpected end of JSON input
    at JSON.parse (<anonymous>)
    at findDependency (C:\Users\vahermih\AppData\Roaming\npm\node_modules\firebase-tools\lib\frameworks\utils.js:188:23)
    at getNextVersion (C:\Users\vahermih\AppData\Roaming\npm\node_modules\firebase-tools\lib\frameworks\next\utils.js:189:51)
    at discover (C:\Users\vahermih\AppData\Roaming\npm\node_modules\firebase-tools\lib\frameworks\next\index.js:42:48)
    at async discover (C:\Users\vahermih\AppData\Roaming\npm\node_modules\firebase-tools\lib\frameworks\index.js:46:32)
    at async doSetup (C:\Users\vahermih\AppData\Roaming\npm\node_modules\firebase-tools\lib\init\features\hosting\index.js:54:11)
    at async init (C:\Users\vahermih\AppData\Roaming\npm\node_modules\firebase-tools\lib\init\index.js:37:9)
[error] 
[error] Error: An unexpected error has occurred.
